2024-09-11 07:09:31,210 [Worker-4: Loading available Gradle versions] INFO  o.e.b.c.i.u.g.PublishedGradleVersions - Gradle version information cache is up-to-date. Trying to read.
2024-09-15 05:44:36,655 [Worker-1: Loading available Gradle versions] INFO  o.e.b.c.i.u.g.PublishedGradleVersions - Gradle version information cache is up-to-date. Trying to read.
2024-09-15 05:47:31,416 [Worker-3: Import Getting Started Content] INFO  o.e.m.c.i.l.LifecycleMappingFactory - Using org.eclipse.m2e.jdt.JarLifecycleMapping lifecycle mapping for MavenProject: in.ashokIt:1-Spring-Boot-Data-Jpa-First-App-01:0.0.1-SNAPSHOT @ X:\SPRING-DATA-JPA-APPLICATIONS\1-Spring-Boot-Data-Jpa-First-App-01\pom.xml.
2024-09-15 05:47:44,209 [Worker-3: Import Getting Started Content] INFO  o.e.m.j.i.AbstractJavaProjectConfigurator - Adding source folder /1-Spring-Boot-Data-Jpa-First-App-01/src/main/java
2024-09-15 05:47:44,212 [Worker-3: Import Getting Started Content] INFO  o.e.m.j.i.AbstractJavaProjectConfigurator - Adding resource folder /1-Spring-Boot-Data-Jpa-First-App-01/src/main/resources
2024-09-15 05:47:44,231 [Worker-3: Import Getting Started Content] INFO  o.e.m.j.i.AbstractJavaProjectConfigurator - Adding resource folder /1-Spring-Boot-Data-Jpa-First-App-01/src/main/resources
2024-09-15 05:47:44,252 [Worker-3: Import Getting Started Content] INFO  o.e.m.j.i.AbstractJavaProjectConfigurator - Adding source folder /1-Spring-Boot-Data-Jpa-First-App-01/src/test/java
2024-09-15 05:47:44,252 [Worker-3: Import Getting Started Content] INFO  o.e.m.j.i.AbstractJavaProjectConfigurator - Adding resource folder /1-Spring-Boot-Data-Jpa-First-App-01/src/test/resources
2024-09-15 05:47:53,349 [Worker-3: Import Getting Started Content] INFO  o.e.m.c.i.p.ProjectConfigurationManager - Imported and configured 1 project(s) in 34 sec
2024-09-15 05:47:53,364 [Worker-3: Import Getting Started Content] INFO  o.e.m.c.i.p.ProjectConfigurationManager - Update started
2024-09-15 05:47:55,082 [Worker-3: Import Getting Started Content] INFO  o.e.m.c.i.l.LifecycleMappingFactory - Using org.eclipse.m2e.jdt.JarLifecycleMapping lifecycle mapping for MavenProject: in.ashokIt:1-Spring-Boot-Data-Jpa-First-App-01:0.0.1-SNAPSHOT @ X:\SPRING-DATA-JPA-APPLICATIONS\1-Spring-Boot-Data-Jpa-First-App-01\pom.xml.
2024-09-15 05:47:56,542 [Worker-3: Import Getting Started Content] INFO  o.e.m.j.i.AbstractJavaProjectConfigurator - Adding source folder /1-Spring-Boot-Data-Jpa-First-App-01/src/main/java
2024-09-15 05:47:56,542 [Worker-3: Import Getting Started Content] INFO  o.e.m.j.i.AbstractJavaProjectConfigurator - Adding resource folder /1-Spring-Boot-Data-Jpa-First-App-01/src/main/resources
2024-09-15 05:47:56,542 [Worker-3: Import Getting Started Content] INFO  o.e.m.j.i.AbstractJavaProjectConfigurator - Adding resource folder /1-Spring-Boot-Data-Jpa-First-App-01/src/main/resources
2024-09-15 05:47:56,542 [Worker-3: Import Getting Started Content] INFO  o.e.m.j.i.AbstractJavaProjectConfigurator - Adding source folder /1-Spring-Boot-Data-Jpa-First-App-01/src/test/java
2024-09-15 05:47:56,542 [Worker-3: Import Getting Started Content] INFO  o.e.m.j.i.AbstractJavaProjectConfigurator - Adding resource folder /1-Spring-Boot-Data-Jpa-First-App-01/src/test/resources
2024-09-15 05:47:57,588 [Worker-3: Import Getting Started Content] INFO  o.e.m.c.i.p.ProjectConfigurationManager - Update completed for 1 poms: local refresh takes 0.00 sec, refresh facades takes 3.00 sec, update config takes 0.00 sec 
2024-09-15 05:47:59,131 [Worker-2: Building] INFO  o.a.m.s.f.DefaultMavenResourcesFiltering - Copying 1 resource from src\main\resources to target\classes
2024-09-15 05:47:59,179 [Worker-2: Building] INFO  o.a.m.s.f.DefaultMavenResourcesFiltering - Copying 0 resource from src\main\resources to target\classes
2024-09-15 05:47:59,191 [Worker-2: Building] INFO  o.a.m.s.f.DefaultMavenResourcesFiltering - skip non existing resourceDirectory X:\SPRING-DATA-JPA-APPLICATIONS\1-Spring-Boot-Data-Jpa-First-App-01\src\test\resources
2024-09-15 06:10:40,820 [Worker-11: Building] INFO  o.e.m.c.i.l.LifecycleMappingFactory - Using org.eclipse.m2e.jdt.JarLifecycleMapping lifecycle mapping for MavenProject: in.ashokIt:1-Spring-Boot-Data-Jpa-First-App-01:0.0.1-SNAPSHOT @ X:\SPRING-DATA-JPA-APPLICATIONS\1-Spring-Boot-Data-Jpa-First-App-01\pom.xml.
2024-09-15 06:10:49,073 [Worker-11: Building] INFO  o.a.m.s.f.DefaultMavenResourcesFiltering - Copying 0 resource from src\main\resources to target\classes
2024-09-15 06:10:49,075 [Worker-11: Building] INFO  o.a.m.s.f.DefaultMavenResourcesFiltering - Copying 0 resource from src\main\resources to target\classes
2024-09-15 06:10:49,081 [Worker-11: Building] INFO  o.a.m.s.f.DefaultMavenResourcesFiltering - skip non existing resourceDirectory X:\SPRING-DATA-JPA-APPLICATIONS\1-Spring-Boot-Data-Jpa-First-App-01\src\test\resources
2024-09-15 06:15:40,243 [Worker-21: Building] INFO  o.a.m.s.f.DefaultMavenResourcesFiltering - Copying 1 resource from src\main\resources to target\classes
2024-09-15 06:15:40,352 [Worker-21: Building] INFO  o.a.m.s.f.DefaultMavenResourcesFiltering - Copying 0 resource from src\main\resources to target\classes
2024-09-15 06:15:40,364 [Worker-21: Building] INFO  o.a.m.s.f.DefaultMavenResourcesFiltering - skip non existing resourceDirectory X:\SPRING-DATA-JPA-APPLICATIONS\1-Spring-Boot-Data-Jpa-First-App-01\src\test\resources
2024-09-15 06:17:26,815 [Worker-19: Building] INFO  o.a.m.s.f.DefaultMavenResourcesFiltering - Copying 1 resource from src\main\resources to target\classes
2024-09-15 06:17:27,207 [Worker-19: Building] INFO  o.a.m.s.f.DefaultMavenResourcesFiltering - Copying 0 resource from src\main\resources to target\classes
2024-09-15 06:17:27,232 [Worker-19: Building] INFO  o.a.m.s.f.DefaultMavenResourcesFiltering - skip non existing resourceDirectory X:\SPRING-DATA-JPA-APPLICATIONS\1-Spring-Boot-Data-Jpa-First-App-01\src\test\resources
2024-09-15 06:36:24,219 [Worker-23: Building] INFO  o.a.m.s.f.DefaultMavenResourcesFiltering - Copying 1 resource from src\main\resources to target\classes
2024-09-15 06:36:24,432 [Worker-23: Building] INFO  o.a.m.s.f.DefaultMavenResourcesFiltering - Copying 0 resource from src\main\resources to target\classes
2024-09-15 06:36:24,437 [Worker-23: Building] INFO  o.a.m.s.f.DefaultMavenResourcesFiltering - skip non existing resourceDirectory X:\SPRING-DATA-JPA-APPLICATIONS\1-Spring-Boot-Data-Jpa-First-App-01\src\test\resources
2024-09-15 06:54:55,162 [Worker-28: Launching Application] INFO  o.a.m.s.f.DefaultMavenResourcesFiltering - Copying 1 resource from src\main\resources to target\classes
2024-09-15 06:54:55,490 [Worker-28: Launching Application] INFO  o.a.m.s.f.DefaultMavenResourcesFiltering - Copying 0 resource from src\main\resources to target\classes
2024-09-15 06:54:55,501 [Worker-28: Launching Application] INFO  o.a.m.s.f.DefaultMavenResourcesFiltering - skip non existing resourceDirectory X:\SPRING-DATA-JPA-APPLICATIONS\1-Spring-Boot-Data-Jpa-First-App-01\src\test\resources
2024-09-15 07:00:05,877 [Worker-31: Building] INFO  o.a.m.s.f.DefaultMavenResourcesFiltering - Copying 1 resource from src\main\resources to target\classes
2024-09-15 07:00:06,080 [Worker-31: Building] INFO  o.a.m.s.f.DefaultMavenResourcesFiltering - Copying 0 resource from src\main\resources to target\classes
2024-09-15 07:00:06,090 [Worker-31: Building] INFO  o.a.m.s.f.DefaultMavenResourcesFiltering - skip non existing resourceDirectory X:\SPRING-DATA-JPA-APPLICATIONS\1-Spring-Boot-Data-Jpa-First-App-01\src\test\resources
2024-09-15 07:09:21,593 [Worker-31: Building] INFO  o.a.m.s.f.DefaultMavenResourcesFiltering - Copying 1 resource from src\main\resources to target\classes
2024-09-15 07:09:21,833 [Worker-31: Building] INFO  o.a.m.s.f.DefaultMavenResourcesFiltering - Copying 0 resource from src\main\resources to target\classes
2024-09-15 07:09:21,842 [Worker-31: Building] INFO  o.a.m.s.f.DefaultMavenResourcesFiltering - skip non existing resourceDirectory X:\SPRING-DATA-JPA-APPLICATIONS\1-Spring-Boot-Data-Jpa-First-App-01\src\test\resources
2024-09-15 07:14:59,078 [Worker-39: Building] INFO  o.a.m.s.f.DefaultMavenResourcesFiltering - Copying 1 resource from src\main\resources to target\classes
2024-09-15 07:14:59,253 [Worker-39: Building] INFO  o.a.m.s.f.DefaultMavenResourcesFiltering - Copying 0 resource from src\main\resources to target\classes
2024-09-15 07:14:59,268 [Worker-39: Building] INFO  o.a.m.s.f.DefaultMavenResourcesFiltering - skip non existing resourceDirectory X:\SPRING-DATA-JPA-APPLICATIONS\1-Spring-Boot-Data-Jpa-First-App-01\src\test\resources
2024-09-15 07:21:15,548 [Worker-43: Launching 1-Spring-Boot-Data-Jpa-First-App-01 - Application] INFO  o.a.m.s.f.DefaultMavenResourcesFiltering - Copying 1 resource from src\main\resources to target\classes
2024-09-15 07:21:15,579 [Worker-43: Launching 1-Spring-Boot-Data-Jpa-First-App-01 - Application] INFO  o.a.m.s.f.DefaultMavenResourcesFiltering - Copying 0 resource from src\main\resources to target\classes
2024-09-15 07:21:15,586 [Worker-43: Launching 1-Spring-Boot-Data-Jpa-First-App-01 - Application] INFO  o.a.m.s.f.DefaultMavenResourcesFiltering - skip non existing resourceDirectory X:\SPRING-DATA-JPA-APPLICATIONS\1-Spring-Boot-Data-Jpa-First-App-01\src\test\resources
2024-09-16 06:59:13,352 [Worker-3: Loading available Gradle versions] INFO  o.e.b.c.i.u.g.PublishedGradleVersions - Gradle version information cache is out-of-date. Trying to update.
2024-09-16 07:04:24,112 [Worker-0: Building] INFO  o.a.m.s.f.DefaultMavenResourcesFiltering - Copying 1 resource from src\main\resources to target\classes
2024-09-16 07:04:24,519 [Worker-0: Building] INFO  o.a.m.s.f.DefaultMavenResourcesFiltering - Copying 0 resource from src\main\resources to target\classes
2024-09-16 07:04:24,526 [Worker-0: Building] INFO  o.a.m.s.f.DefaultMavenResourcesFiltering - skip non existing resourceDirectory X:\SPRING-DATA-JPA-APPLICATIONS\1-Spring-Boot-Data-Jpa-First-App-01\src\test\resources
2024-09-16 07:04:27,019 [Worker-11: Building] INFO  o.a.m.s.f.DefaultMavenResourcesFiltering - Copying 1 resource from src\main\resources to target\classes
2024-09-16 07:04:27,205 [Worker-11: Building] INFO  o.a.m.s.f.DefaultMavenResourcesFiltering - Copying 0 resource from src\main\resources to target\classes
2024-09-16 07:04:27,213 [Worker-11: Building] INFO  o.a.m.s.f.DefaultMavenResourcesFiltering - skip non existing resourceDirectory X:\SPRING-DATA-JPA-APPLICATIONS\1-Spring-Boot-Data-Jpa-First-App-01\src\test\resources
2024-09-16 07:06:04,987 [Worker-9: Building] INFO  o.a.m.s.f.DefaultMavenResourcesFiltering - Copying 1 resource from src\main\resources to target\classes
2024-09-16 07:06:05,011 [Worker-9: Building] INFO  o.a.m.s.f.DefaultMavenResourcesFiltering - Copying 0 resource from src\main\resources to target\classes
2024-09-16 07:06:05,017 [Worker-9: Building] INFO  o.a.m.s.f.DefaultMavenResourcesFiltering - skip non existing resourceDirectory X:\SPRING-DATA-JPA-APPLICATIONS\1-Spring-Boot-Data-Jpa-First-App-01\src\test\resources
2024-09-16 07:09:00,802 [Worker-9: Building] INFO  o.a.m.s.f.DefaultMavenResourcesFiltering - Copying 1 resource from src\main\resources to target\classes
2024-09-16 07:09:00,833 [Worker-9: Building] INFO  o.a.m.s.f.DefaultMavenResourcesFiltering - Copying 0 resource from src\main\resources to target\classes
2024-09-16 07:09:00,841 [Worker-9: Building] INFO  o.a.m.s.f.DefaultMavenResourcesFiltering - skip non existing resourceDirectory X:\SPRING-DATA-JPA-APPLICATIONS\1-Spring-Boot-Data-Jpa-First-App-01\src\test\resources
2024-09-16 07:10:00,469 [Worker-5: Building] INFO  o.a.m.s.f.DefaultMavenResourcesFiltering - Copying 1 resource from src\main\resources to target\classes
2024-09-16 07:10:00,482 [Worker-5: Building] INFO  o.a.m.s.f.DefaultMavenResourcesFiltering - Copying 0 resource from src\main\resources to target\classes
2024-09-16 07:10:00,490 [Worker-5: Building] INFO  o.a.m.s.f.DefaultMavenResourcesFiltering - skip non existing resourceDirectory X:\SPRING-DATA-JPA-APPLICATIONS\1-Spring-Boot-Data-Jpa-First-App-01\src\test\resources
2024-09-16 07:11:46,437 [Worker-9: Launching Application] INFO  o.a.m.s.f.DefaultMavenResourcesFiltering - Copying 1 resource from src\main\resources to target\classes
2024-09-16 07:11:46,446 [Worker-9: Launching Application] INFO  o.a.m.s.f.DefaultMavenResourcesFiltering - Copying 0 resource from src\main\resources to target\classes
2024-09-16 07:11:46,454 [Worker-9: Launching Application] INFO  o.a.m.s.f.DefaultMavenResourcesFiltering - skip non existing resourceDirectory X:\SPRING-DATA-JPA-APPLICATIONS\1-Spring-Boot-Data-Jpa-First-App-01\src\test\resources
2024-09-16 07:14:18,638 [Worker-9: Launching Application] INFO  o.a.m.s.f.DefaultMavenResourcesFiltering - Copying 1 resource from src\main\resources to target\classes
2024-09-16 07:14:18,690 [Worker-9: Launching Application] INFO  o.a.m.s.f.DefaultMavenResourcesFiltering - Copying 0 resource from src\main\resources to target\classes
2024-09-16 07:14:18,696 [Worker-9: Launching Application] INFO  o.a.m.s.f.DefaultMavenResourcesFiltering - skip non existing resourceDirectory X:\SPRING-DATA-JPA-APPLICATIONS\1-Spring-Boot-Data-Jpa-First-App-01\src\test\resources
2024-09-17 06:10:00,357 [Worker-5: Loading available Gradle versions] INFO  o.e.b.c.i.u.g.PublishedGradleVersions - Gradle version information cache is up-to-date. Trying to read.
